<?xml version="1.0" encoding="UTF-8"?>
<testng-results skipped="0" failed="0" ignored="0" total="2" passed="2">
  <reporter-output>
  </reporter-output>
  <suite name="Default suite" duration-ms="15978" started-at="2020-07-13T09:53:01Z" finished-at="2020-07-13T09:53:17Z">
    <groups>
    </groups>
    <test name="Default test" duration-ms="15978" started-at="2020-07-13T09:53:01Z" finished-at="2020-07-13T09:53:17Z">
      <class name="Testcases.TestParallelDataProviderThreadLocal">
        <test-method status="PASS" signature="launchBrowser(java.lang.String, java.lang.String)[pri:0, instance:Testcases.TestParallelDataProviderThreadLocal@5ef60048]" name="launchBrowser" duration-ms="15913" started-at="2020-07-13T09:53:01Z" data-provider="getData" finished-at="2020-07-13T09:53:17Z">
          <params>
            <param index="0">
              <value>
                <![CDATA[firefox]]>
              </value>
            </param>
            <param index="1">
              <value>
                <![CDATA[seleniumcoaching@gmail.com]]>
              </value>
            </param>
          </params>
          <reporter-output>
          </reporter-output>
        </test-method> <!-- launchBrowser -->
        <test-method status="PASS" signature="launchBrowser(java.lang.String, java.lang.String)[pri:0, instance:Testcases.TestParallelDataProviderThreadLocal@5ef60048]" name="launchBrowser" duration-ms="50" started-at="2020-07-13T09:53:01Z" data-provider="getData" finished-at="2020-07-13T09:53:01Z">
          <params>
            <param index="0">
              <value>
                <![CDATA[chrome]]>
              </value>
            </param>
            <param index="1">
              <value>
                <![CDATA[trainer@way2automation.com]]>
              </value>
            </param>
          </params>
          <reporter-output>
          </reporter-output>
        </test-method> <!-- launchBrowser -->
      </class> <!-- Testcases.TestParallelDataProviderThreadLocal -->
    </test> <!-- Default test -->
  </suite> <!-- Default suite -->
</testng-results>
