<?xml version="1.0" encoding="UTF-8"?>
<!-- Generated by org.testng.reporters.JUnitXMLReporter -->
<testsuite hostname="DESKTOP-QN1NF34" ignored="0" name="Default test" tests="2" failures="0" timestamp="13 Jul 2020 09:53:17 GMT" time="15.978" errors="0">
  <testcase name="launchBrowser" time="0.05" classname="Testcases.TestParallelDataProviderThreadLocal"/>
  <testcase name="launchBrowser" time="15.913" classname="Testcases.TestParallelDataProviderThreadLocal"/>
</testsuite> <!-- Default test -->
