<?xml version="1.0" encoding="UTF-8"?>
<testng-results skipped="0" failed="0" ignored="0" total="1" passed="1">
  <reporter-output>
  </reporter-output>
  <suite name="webdriverMaven.LoginTest" duration-ms="9372" started-at="2020-07-16T19:39:46 CEST" finished-at="2020-07-16T19:39:55 CEST">
    <groups>
    </groups>
    <test name="Command line test" duration-ms="9372" started-at="2020-07-16T19:39:46 CEST" finished-at="2020-07-16T19:39:55 CEST">
      <class name="webdriverMaven.LoginTest">
        <test-method status="PASS" signature="setUp()[pri:0, instance:webdriverMaven.LoginTest@10bdf5e5]" name="setUp" is-config="true" duration-ms="8628" started-at="2020-07-16T19:39:37 CEST" finished-at="2020-07-16T19:39:46 CEST">
          <reporter-output>
          </reporter-output>
        </test-method> <!-- setUp -->
        <test-method status="PASS" signature="doLogin()[pri:0, instance:webdriverMaven.LoginTest@10bdf5e5]" name="doLogin" duration-ms="9316" started-at="2020-07-16T19:39:46 CEST" finished-at="2020-07-16T19:39:55 CEST">
          <reporter-output>
          </reporter-output>
        </test-method> <!-- doLogin -->
        <test-method status="PASS" signature="tearDown()[pri:0, instance:webdriverMaven.LoginTest@10bdf5e5]" name="tearDown" is-config="true" duration-ms="4978" started-at="2020-07-16T19:39:55 CEST" finished-at="2020-07-16T19:40:00 CEST">
          <reporter-output>
          </reporter-output>
        </test-method> <!-- tearDown -->
      </class> <!-- webdriverMaven.LoginTest -->
    </test> <!-- Command line test -->
  </suite> <!-- webdriverMaven.LoginTest -->
</testng-results>
