<?xml version="1.0" encoding="UTF-8"?>
<!-- Generated by org.testng.reporters.JUnitXMLReporter -->
<testsuite hostname="DESKTOP-QN1NF34" ignored="0" name="Default test" tests="5" failures="0" timestamp="2020-06-10T11:45:56 CEST" time="19.292" errors="0">
  <testcase name="executeTest" time="19.149" classname="parallelTest.TestInvocation"/>
  <testcase name="executeTest" time="19.15" classname="parallelTest.TestInvocation"/>
  <testcase name="executeTest" time="19.15" classname="parallelTest.TestInvocation"/>
  <testcase name="executeTest" time="19.15" classname="parallelTest.TestInvocation"/>
  <testcase name="executeTest" time="19.15" classname="parallelTest.TestInvocation"/>
</testsuite> <!-- Default test -->
