<?xml version="1.0" encoding="UTF-8"?>
<testng-results skipped="0" failed="0" ignored="0" total="1" passed="1">
  <reporter-output>
  </reporter-output>
  <suite name="Default suite" duration-ms="8260" started-at="2020-07-16T19:13:05 CEST" finished-at="2020-07-16T19:13:13 CEST">
    <groups>
    </groups>
    <test name="Default test" duration-ms="8260" started-at="2020-07-16T19:13:05 CEST" finished-at="2020-07-16T19:13:13 CEST">
      <class name="webdriverMaven.LoginTest">
        <test-method status="PASS" signature="setUp()[pri:0, instance:webdriverMaven.LoginTest@11438d26]" name="setUp" is-config="true" duration-ms="10460" started-at="2020-07-16T19:12:54 CEST" finished-at="2020-07-16T19:13:05 CEST">
          <reporter-output>
          </reporter-output>
        </test-method> <!-- setUp -->
        <test-method status="PASS" signature="doLogin()[pri:0, instance:webdriverMaven.LoginTest@11438d26]" name="doLogin" duration-ms="8195" started-at="2020-07-16T19:13:05 CEST" finished-at="2020-07-16T19:13:13 CEST">
          <reporter-output>
          </reporter-output>
        </test-method> <!-- doLogin -->
        <test-method status="PASS" signature="tearDown()[pri:0, instance:webdriverMaven.LoginTest@11438d26]" name="tearDown" is-config="true" duration-ms="4389" started-at="2020-07-16T19:13:13 CEST" finished-at="2020-07-16T19:13:18 CEST">
          <reporter-output>
          </reporter-output>
        </test-method> <!-- tearDown -->
      </class> <!-- webdriverMaven.LoginTest -->
    </test> <!-- Default test -->
  </suite> <!-- Default suite -->
</testng-results>
