<?xml version="1.0" encoding="UTF-8"?>
<!-- Generated by org.testng.reporters.JUnitXMLReporter -->
<testsuite hostname="DESKTOP-QN1NF34" ignored="0" name="Default test" tests="3" failures="0" timestamp="15 Jun 2020 09:58:01 GMT" time="0.845" errors="0">
  <testcase name="doLogin" time="0.017" classname="Testcases.TestCase1"/>
  <testcase name="doUserReg" time="0.002" classname="Testcases.TestCase1"/>
  <testcase name="isSkip" time="0.005" classname="Testcases.TestCase1">
    <skipped/>
  </testcase> <!-- isSkip -->
</testsuite> <!-- Default test -->
