<?xml version="1.0" encoding="UTF-8"?>
<testng-results skipped="0" failed="0" ignored="0" total="5" passed="5">
  <reporter-output>
  </reporter-output>
  <suite name="Default suite" duration-ms="19292" started-at="2020-06-10T11:45:36 CEST" finished-at="2020-06-10T11:45:55 CEST">
    <groups>
    </groups>
    <test name="Default test" duration-ms="19292" started-at="2020-06-10T11:45:36 CEST" finished-at="2020-06-10T11:45:55 CEST">
      <class name="parallelTest.TestInvocation">
        <test-method status="PASS" signature="executeTest()[pri:0, instance:parallelTest.TestInvocation@1e965684]" name="executeTest" duration-ms="19149" started-at="2020-06-10T11:45:36 CEST" finished-at="2020-06-10T11:45:55 CEST">
          <reporter-output>
          </reporter-output>
        </test-method> <!-- executeTest -->
        <test-method status="PASS" signature="executeTest()[pri:0, instance:parallelTest.TestInvocation@1e965684]" name="executeTest" duration-ms="19150" started-at="2020-06-10T11:45:36 CEST" finished-at="2020-06-10T11:45:55 CEST">
          <reporter-output>
          </reporter-output>
        </test-method> <!-- executeTest -->
        <test-method status="PASS" signature="executeTest()[pri:0, instance:parallelTest.TestInvocation@1e965684]" name="executeTest" duration-ms="19150" started-at="2020-06-10T11:45:36 CEST" finished-at="2020-06-10T11:45:55 CEST">
          <reporter-output>
          </reporter-output>
        </test-method> <!-- executeTest -->
        <test-method status="PASS" signature="executeTest()[pri:0, instance:parallelTest.TestInvocation@1e965684]" name="executeTest" duration-ms="19150" started-at="2020-06-10T11:45:36 CEST" finished-at="2020-06-10T11:45:55 CEST">
          <reporter-output>
          </reporter-output>
        </test-method> <!-- executeTest -->
        <test-method status="PASS" signature="executeTest()[pri:0, instance:parallelTest.TestInvocation@1e965684]" name="executeTest" duration-ms="19150" started-at="2020-06-10T11:45:36 CEST" finished-at="2020-06-10T11:45:55 CEST">
          <reporter-output>
          </reporter-output>
        </test-method> <!-- executeTest -->
      </class> <!-- parallelTest.TestInvocation -->
    </test> <!-- Default test -->
  </suite> <!-- Default suite -->
</testng-results>
